#
# There is insufficient memory for the Java Runtime Environment to continue.
# Native memory allocation (mmap) failed to map 132120576 bytes for G1 virtual space
# Possible reasons:
#   The system is out of physical RAM or swap space
#   The process is running with CompressedOops enabled, and the Java Heap may be blocking the growth of the native heap
# Possible solutions:
#   Reduce memory load on the system
#   Increase physical memory or swap space
#   Check if swap backing store is full
#   Decrease Java heap size (-Xmx/-Xms)
#   Decrease number of Java threads
#   Decrease Java thread stack sizes (-Xss)
#   Set larger code cache with -XX:ReservedCodeCacheSize=
#   JVM is running with Unscaled Compressed Oops mode in which the Java heap is
#     placed in the first 4GB address space. The Java Heap base address is the
#     maximum limit for the native heap growth. Please use -XX:HeapBaseMinAddress
#     to set the Java Heap base and to place the Java Heap above 4GB virtual address.
# This output file may be truncated or incomplete.
#
#  Out of Memory Error (os_windows.cpp:3552), pid=27548, tid=23644
#
# JRE version: Java(TM) SE Runtime Environment (17.0.9+11) (build 17.0.9+11-LTS-201)
# Java VM: Java HotSpot(TM) 64-Bit Server VM (17.0.9+11-LTS-201, mixed mode, emulated-client, sharing, tiered, compressed oops, compressed class ptrs, g1 gc, windows-amd64)
# No core dump will be written. Minidumps are not enabled by default on client versions of Windows
#

---------------  S U M M A R Y ------------

Command Line: -XX:TieredStopAtLevel=1 -Dspring.output.ansi.enabled=always -Dcom.sun.management.jmxremote -Dspring.jmx.enabled=true -Dspring.liveBeansView.mbeanDomain -Dspring.application.admin.enabled=true -Dmanagement.endpoints.jmx.exposure.include=* -javaagent:C:\Program Files\JetBrains\IntelliJ IDEA 2024.1.3\lib\idea_rt.jar=64479:C:\Program Files\JetBrains\IntelliJ IDEA 2024.1.3\bin -Dfile.encoding=UTF-8 com.ELearningManagementApplication

Host: 12th Gen Intel(R) Core(TM) i7-12700H, 20 cores, 7G,  Windows 11 , 64 bit Build 22621 (10.0.22621.4830)
Time: Fri Feb 14 22:57:28 2025 SE Asia Standard Time elapsed time: 7.401270 seconds (0d 0h 0m 7s)

---------------  T H R E A D  ---------------

Current thread (0x0000015755242430):  VMThread "VM Thread" [stack: 0x0000003c2fa00000,0x0000003c2fb00000] [id=23644]

Stack: [0x0000003c2fa00000,0x0000003c2fb00000]
Native frames: (J=compiled Java code, j=interpreted, Vv=VM code, C=native code)
V  [jvm.dll+0x678a4a]
V  [jvm.dll+0x7d9cfd]
V  [jvm.dll+0x7db60e]
V  [jvm.dll+0x7dbc73]
V  [jvm.dll+0x245e1f]
V  [jvm.dll+0x6758f9]
V  [jvm.dll+0x66a2a2]
V  [jvm.dll+0x303686]
V  [jvm.dll+0x30ac06]
V  [jvm.dll+0x35a48e]
V  [jvm.dll+0x35a6bf]
V  [jvm.dll+0x2da678]
V  [jvm.dll+0x2d8a85]
V  [jvm.dll+0x2d808c]
V  [jvm.dll+0x31b97b]
V  [jvm.dll+0x7e048b]
V  [jvm.dll+0x7e11c4]
V  [jvm.dll+0x7e16dd]
V  [jvm.dll+0x7e1ab4]
V  [jvm.dll+0x7e1b80]
V  [jvm.dll+0x78998a]
V  [jvm.dll+0x677875]
C  [ucrtbase.dll+0x29333]
C  [KERNEL32.DLL+0x1259d]
C  [ntdll.dll+0x5af38]

VM_Operation (0x0000003c311fb7f0): G1CollectForAllocation, mode: safepoint, requested by thread 0x000001579b6ffeb0


---------------  P R O C E S S  ---------------

Threads class SMR info:
_java_thread_list=0x000001579b3760a0, length=25, elements={
0x00000157426c1bc0, 0x0000015755247f50, 0x0000015755248bd0, 0x000001575525ce50,
0x000001575525dad0, 0x000001575525f4a0, 0x000001575525fe60, 0x00000157552608d0,
0x00000157552621f0, 0x0000015755230f10, 0x0000015755231430, 0x0000015755569b50,
0x000001579b1f0f30, 0x000001579b1f6f50, 0x000001579b359a00, 0x000001579b6fdfe0,
0x000001579b6ffeb0, 0x000001579be1d2b0, 0x000001579be1dcd0, 0x000001579be1e1e0,
0x000001579be1cda0, 0x000001579cacf830, 0x000001579cad1180, 0x000001579cacee10,
0x000001579cad6790
}

Java Threads: ( => current thread )
  0x00000157426c1bc0 JavaThread "main" [_thread_blocked, id=26640, stack(0x0000003c2f400000,0x0000003c2f500000)]
  0x0000015755247f50 JavaThread "Reference Handler" daemon [_thread_blocked, id=10716, stack(0x0000003c2fb00000,0x0000003c2fc00000)]
  0x0000015755248bd0 JavaThread "Finalizer" daemon [_thread_blocked, id=28288, stack(0x0000003c2fc00000,0x0000003c2fd00000)]
  0x000001575525ce50 JavaThread "Signal Dispatcher" daemon [_thread_blocked, id=17324, stack(0x0000003c2fd00000,0x0000003c2fe00000)]
  0x000001575525dad0 JavaThread "Attach Listener" daemon [_thread_blocked, id=3284, stack(0x0000003c2fe00000,0x0000003c2ff00000)]
  0x000001575525f4a0 JavaThread "Service Thread" daemon [_thread_blocked, id=16248, stack(0x0000003c2ff00000,0x0000003c30000000)]
  0x000001575525fe60 JavaThread "Monitor Deflation Thread" daemon [_thread_blocked, id=23340, stack(0x0000003c30000000,0x0000003c30100000)]
  0x00000157552608d0 JavaThread "C1 CompilerThread0" daemon [_thread_blocked, id=28976, stack(0x0000003c30100000,0x0000003c30200000)]
  0x00000157552621f0 JavaThread "Sweeper thread" daemon [_thread_blocked, id=28200, stack(0x0000003c30200000,0x0000003c30300000)]
  0x0000015755230f10 JavaThread "C1 CompilerThread1" daemon [_thread_blocked, id=26228, stack(0x0000003c30300000,0x0000003c30400000)]
  0x0000015755231430 JavaThread "C1 CompilerThread2" daemon [_thread_blocked, id=22256, stack(0x0000003c30400000,0x0000003c30500000)]
  0x0000015755569b50 JavaThread "Common-Cleaner" daemon [_thread_blocked, id=29372, stack(0x0000003c30500000,0x0000003c30600000)]
  0x000001579b1f0f30 JavaThread "Monitor Ctrl-Break" daemon [_thread_in_native, id=26124, stack(0x0000003c30600000,0x0000003c30700000)]
  0x000001579b1f6f50 JavaThread "Notification Thread" daemon [_thread_blocked, id=24212, stack(0x0000003c30700000,0x0000003c30800000)]
  0x000001579b359a00 JavaThread "RMI TCP Accept-0" daemon [_thread_in_native, id=29500, stack(0x0000003c30800000,0x0000003c30900000)]
  0x000001579b6fdfe0 JavaThread "Thread-0" [_thread_blocked, id=8732, stack(0x0000003c31000000,0x0000003c31100000)]
  0x000001579b6ffeb0 JavaThread "restartedMain" [_thread_blocked, id=29164, stack(0x0000003c31100000,0x0000003c31200000)]
  0x000001579be1d2b0 JavaThread "RMI TCP Connection(1)-192.168.0.103" daemon [_thread_in_native, id=22548, stack(0x0000003c31200000,0x0000003c31300000)]
  0x000001579be1dcd0 JavaThread "RMI Scheduler(0)" daemon [_thread_blocked, id=11372, stack(0x0000003c31b00000,0x0000003c31c00000)]
  0x000001579be1e1e0 JavaThread "Catalina-utility-1" [_thread_blocked, id=27140, stack(0x0000003c31c00000,0x0000003c31d00000)]
  0x000001579be1cda0 JavaThread "Catalina-utility-2" [_thread_blocked, id=12144, stack(0x0000003c32000000,0x0000003c32100000)]
  0x000001579cacf830 JavaThread "container-0" [_thread_blocked, id=27036, stack(0x0000003c32100000,0x0000003c32200000)]
  0x000001579cad1180 JavaThread "mysql-cj-abandoned-connection-cleanup" daemon [_thread_blocked, id=17184, stack(0x0000003c32200000,0x0000003c32300000)]
  0x000001579cacee10 JavaThread "HikariPool-1 housekeeper" daemon [_thread_blocked, id=27064, stack(0x0000003c32400000,0x0000003c32500000)]
  0x000001579cad6790 JavaThread "HikariPool-1 connection adder" daemon [_thread_blocked, id=20172, stack(0x0000003c32500000,0x0000003c32600000)]

Other Threads:
=>0x0000015755242430 VMThread "VM Thread" [stack: 0x0000003c2fa00000,0x0000003c2fb00000] [id=23644]
  0x0000015755560940 WatcherThread [stack: 0x0000003c30900000,0x0000003c30a00000] [id=28032]
  0x000001574271ce80 GCTaskThread "GC Thread#0" [stack: 0x0000003c2f500000,0x0000003c2f600000] [id=3264]
  0x000001579b6d7940 GCTaskThread "GC Thread#1" [stack: 0x0000003c30a00000,0x0000003c30b00000] [id=21952]
  0x000001579b714ab0 GCTaskThread "GC Thread#2" [stack: 0x0000003c30b00000,0x0000003c30c00000] [id=4808]
  0x000001579b716d80 GCTaskThread "GC Thread#3" [stack: 0x0000003c30c00000,0x0000003c30d00000] [id=5424]
  0x000001579b717450 GCTaskThread "GC Thread#4" [stack: 0x0000003c30d00000,0x0000003c30e00000] [id=27496]
  0x000001579b717710 GCTaskThread "GC Thread#5" [stack: 0x0000003c30e00000,0x0000003c30f00000] [id=10416]
  0x000001579b7179d0 GCTaskThread "GC Thread#6" [stack: 0x0000003c30f00000,0x0000003c31000000] [id=25300]
  0x000001579b87f9e0 GCTaskThread "GC Thread#7" [stack: 0x0000003c31300000,0x0000003c31400000] [id=24012]
  0x000001579b8cae50 GCTaskThread "GC Thread#8" [stack: 0x0000003c31400000,0x0000003c31500000] [id=25676]
  0x000001579bda4300 GCTaskThread "GC Thread#9" [stack: 0x0000003c31500000,0x0000003c31600000] [id=24608]
  0x000001579bda45c0 GCTaskThread "GC Thread#10" [stack: 0x0000003c31600000,0x0000003c31700000] [id=24740]
  0x000001579bda5090 GCTaskThread "GC Thread#11" [stack: 0x0000003c31700000,0x0000003c31800000] [id=28056]
  0x000001579bda5960 GCTaskThread "GC Thread#12" [stack: 0x0000003c31800000,0x0000003c31900000] [id=10084]
  0x000001579bda6450 GCTaskThread "GC Thread#13" [stack: 0x0000003c31900000,0x0000003c31a00000] [id=12992]
  0x000001579bda6710 GCTaskThread "GC Thread#14" [stack: 0x0000003c31a00000,0x0000003c31b00000] [id=26312]
  0x000001574272d210 ConcurrentGCThread "G1 Main Marker" [stack: 0x0000003c2f600000,0x0000003c2f700000] [id=16064]
  0x000001574272dc20 ConcurrentGCThread "G1 Conc#0" [stack: 0x0000003c2f700000,0x0000003c2f800000] [id=12056]
  0x000001579be84910 ConcurrentGCThread "G1 Conc#1" [stack: 0x0000003c31d00000,0x0000003c31e00000] [id=22580]
  0x000001579be84bd0 ConcurrentGCThread "G1 Conc#2" [stack: 0x0000003c31e00000,0x0000003c31f00000] [id=7304]
  0x000001579be83050 ConcurrentGCThread "G1 Conc#3" [stack: 0x0000003c31f00000,0x0000003c32000000] [id=5228]
  0x00000157550e9d40 ConcurrentGCThread "G1 Refine#0" [stack: 0x0000003c2f800000,0x0000003c2f900000] [id=9912]
  0x00000157550ec680 ConcurrentGCThread "G1 Service" [stack: 0x0000003c2f900000,0x0000003c2fa00000] [id=28820]

Threads with active compile tasks:

VM state: at safepoint (normal execution)

VM Mutex/Monitor currently owned by a thread:  ([mutex/lock_event])
[0x00000157426bd2d0] Threads_lock - owner thread: 0x0000015755242430
[0x00000157426be200] Heap_lock - owner thread: 0x000001579b6ffeb0

Heap address: 0x0000000085e00000, size: 1954 MB, Compressed Oops mode: 32-bit

CDS archive(s) mapped at: [0x0000015756000000-0x0000015756bd0000-0x0000015756bd0000), size 12386304, SharedBaseAddress: 0x0000015756000000, ArchiveRelocationMode: 1.
Compressed class space mapped at: 0x0000015757000000-0x0000015797000000, reserved size: 1073741824
Narrow klass base: 0x0000015756000000, Narrow klass shift: 0, Narrow klass range: 0x100000000

GC Precious Log:
 CPUs: 20 total, 20 available
 Memory: 7812M
 Large Page Support: Disabled
 NUMA Support: Disabled
 Compressed Oops: Enabled (32-bit)
 Heap Region Size: 1M
 Heap Min Capacity: 8M
 Heap Initial Capacity: 124M
 Heap Max Capacity: 1954M
 Pre-touch: Disabled
 Parallel Workers: 15
 Concurrent Workers: 4
 Concurrent Refinement Workers: 15
 Periodic GC: Disabled

Heap:
 garbage-first heap   total 126976K, used 58709K [0x0000000085e00000, 0x0000000100000000)
  region size 1024K, 4 young (4096K), 4 survivors (4096K)
 Metaspace       used 63799K, committed 64384K, reserved 1114112K
  class space    used 9198K, committed 9472K, reserved 1048576K

Heap Regions: E=young(eden), S=young(survivor), O=old, HS=humongous(starts), HC=humongous(continues), CS=collection set, F=free, OA=open archive, CA=closed archive, TAMS=top-at-mark-start (previous, next)
|   0|0x0000000085e00000, 0x0000000085f00000, 0x0000000085f00000|100%|HS|  |TAMS 0x0000000085f00000, 0x0000000085e00000| Complete 
|   1|0x0000000085f00000, 0x0000000086000000, 0x0000000086000000|100%|HS|  |TAMS 0x0000000086000000, 0x0000000085f00000| Complete 
|   2|0x0000000086000000, 0x0000000086100000, 0x0000000086100000|100%| O|  |TAMS 0x0000000086100000, 0x0000000086000000| Untracked 
|   3|0x0000000086100000, 0x0000000086200000, 0x0000000086200000|100%| O|  |TAMS 0x0000000086200000, 0x0000000086100000| Untracked 
|   4|0x0000000086200000, 0x0000000086300000, 0x0000000086300000|100%| O|  |TAMS 0x0000000086300000, 0x0000000086200000| Untracked 
|   5|0x0000000086300000, 0x0000000086400000, 0x0000000086400000|100%| O|  |TAMS 0x0000000086400000, 0x0000000086300000| Untracked 
|   6|0x0000000086400000, 0x0000000086500000, 0x0000000086500000|100%| O|  |TAMS 0x0000000086500000, 0x0000000086400000| Untracked 
|   7|0x0000000086500000, 0x0000000086600000, 0x0000000086600000|100%| O|  |TAMS 0x0000000086600000, 0x0000000086500000| Untracked 
|   8|0x0000000086600000, 0x0000000086700000, 0x0000000086700000|100%| O|  |TAMS 0x0000000086700000, 0x0000000086600000| Untracked 
|   9|0x0000000086700000, 0x0000000086800000, 0x0000000086800000|100%| O|  |TAMS 0x0000000086800000, 0x0000000086700000| Untracked 
|  10|0x0000000086800000, 0x0000000086900000, 0x0000000086900000|100%| O|  |TAMS 0x0000000086900000, 0x0000000086800000| Untracked 
|  11|0x0000000086900000, 0x0000000086a00000, 0x0000000086a00000|100%| O|  |TAMS 0x0000000086a00000, 0x0000000086900000| Untracked 
|  12|0x0000000086a00000, 0x0000000086b00000, 0x0000000086b00000|100%| O|  |TAMS 0x0000000086b00000, 0x0000000086a00000| Untracked 
|  13|0x0000000086b00000, 0x0000000086c00000, 0x0000000086c00000|100%| O|  |TAMS 0x0000000086c00000, 0x0000000086b00000| Untracked 
|  14|0x0000000086c00000, 0x0000000086d00000, 0x0000000086d00000|100%| O|  |TAMS 0x0000000086d00000, 0x0000000086c00000| Untracked 
|  15|0x0000000086d00000, 0x0000000086e00000, 0x0000000086e00000|100%| O|  |TAMS 0x0000000086e00000, 0x0000000086d00000| Untracked 
|  16|0x0000000086e00000, 0x0000000086f00000, 0x0000000086f00000|100%| O|  |TAMS 0x0000000086f00000, 0x0000000086e00000| Untracked 
|  17|0x0000000086f00000, 0x0000000087000000, 0x0000000087000000|100%| O|  |TAMS 0x0000000087000000, 0x0000000086f00000| Untracked 
|  18|0x0000000087000000, 0x0000000087100000, 0x0000000087100000|100%| O|  |TAMS 0x0000000087100000, 0x0000000087000000| Untracked 
|  19|0x0000000087100000, 0x0000000087200000, 0x0000000087200000|100%| O|  |TAMS 0x0000000087200000, 0x0000000087100000| Untracked 
|  20|0x0000000087200000, 0x0000000087300000, 0x0000000087300000|100%| O|  |TAMS 0x0000000087300000, 0x0000000087200000| Untracked 
|  21|0x0000000087300000, 0x0000000087400000, 0x0000000087400000|100%| O|  |TAMS 0x0000000087400000, 0x0000000087300000| Untracked 
|  22|0x0000000087400000, 0x0000000087500000, 0x0000000087500000|100%| O|  |TAMS 0x0000000087500000, 0x0000000087400000| Untracked 
|  23|0x0000000087500000, 0x000000008752f000, 0x0000000087600000| 18%| O|  |TAMS 0x000000008752f000, 0x0000000087500000| Complete 
|  24|0x0000000087600000, 0x0000000087700000, 0x0000000087700000|100%| O|  |TAMS 0x0000000087700000, 0x0000000087600000| Untracked 
|  25|0x0000000087700000, 0x0000000087800000, 0x0000000087800000|100%| O|  |TAMS 0x0000000087800000, 0x0000000087700000| Untracked 
|  26|0x0000000087800000, 0x0000000087900000, 0x0000000087900000|100%| O|  |TAMS 0x0000000087900000, 0x0000000087800000| Untracked 
|  27|0x0000000087900000, 0x0000000087a00000, 0x0000000087a00000|100%| O|  |TAMS 0x0000000087a00000, 0x0000000087900000| Untracked 
|  28|0x0000000087a00000, 0x0000000087b00000, 0x0000000087b00000|100%| O|  |TAMS 0x0000000087b00000, 0x0000000087a00000| Untracked 
|  29|0x0000000087b00000, 0x0000000087c00000, 0x0000000087c00000|100%| O|  |TAMS 0x0000000087c00000, 0x0000000087b00000| Untracked 
|  30|0x0000000087c00000, 0x0000000087d00000, 0x0000000087d00000|100%| O|  |TAMS 0x0000000087d00000, 0x0000000087c00000| Untracked 
|  31|0x0000000087d00000, 0x0000000087e00000, 0x0000000087e00000|100%| O|  |TAMS 0x0000000087e00000, 0x0000000087d00000| Untracked 
|  32|0x0000000087e00000, 0x0000000087f00000, 0x0000000087f00000|100%| O|  |TAMS 0x0000000087f00000, 0x0000000087e00000| Untracked 
|  33|0x0000000087f00000, 0x0000000088000000, 0x0000000088000000|100%| O|  |TAMS 0x0000000088000000, 0x0000000087f00000| Untracked 
|  34|0x0000000088000000, 0x0000000088100000, 0x0000000088100000|100%| O|  |TAMS 0x0000000088100000, 0x0000000088000000| Untracked 
|  35|0x0000000088100000, 0x0000000088200000, 0x0000000088200000|100%| O|  |TAMS 0x0000000088200000, 0x0000000088100000| Untracked 
|  36|0x0000000088200000, 0x0000000088300000, 0x0000000088300000|100%| O|  |TAMS 0x0000000088300000, 0x0000000088200000| Untracked 
|  37|0x0000000088300000, 0x0000000088400000, 0x0000000088400000|100%| O|  |TAMS 0x0000000088400000, 0x0000000088300000| Untracked 
|  38|0x0000000088400000, 0x0000000088500000, 0x0000000088500000|100%| O|  |TAMS 0x0000000088500000, 0x0000000088400000| Untracked 
|  39|0x0000000088500000, 0x0000000088600000, 0x0000000088600000|100%| O|  |TAMS 0x0000000088600000, 0x0000000088500000| Untracked 
|  40|0x0000000088600000, 0x0000000088700000, 0x0000000088700000|100%| O|  |TAMS 0x0000000088700000, 0x0000000088600000| Untracked 
|  41|0x0000000088700000, 0x0000000088800000, 0x0000000088800000|100%| O|  |TAMS 0x0000000088800000, 0x0000000088700000| Untracked 
|  42|0x0000000088800000, 0x0000000088900000, 0x0000000088900000|100%| O|  |TAMS 0x0000000088900000, 0x0000000088800000| Untracked 
|  43|0x0000000088900000, 0x0000000088a00000, 0x0000000088a00000|100%| O|  |TAMS 0x0000000088a00000, 0x0000000088900000| Untracked 
|  44|0x0000000088a00000, 0x0000000088b00000, 0x0000000088b00000|100%| O|  |TAMS 0x0000000088b00000, 0x0000000088a00000| Untracked 
|  45|0x0000000088b00000, 0x0000000088c00000, 0x0000000088c00000|100%| O|  |TAMS 0x0000000088c00000, 0x0000000088b00000| Untracked 
|  46|0x0000000088c00000, 0x0000000088d00000, 0x0000000088d00000|100%| O|  |TAMS 0x0000000088d00000, 0x0000000088c00000| Untracked 
|  47|0x0000000088d00000, 0x0000000088e00000, 0x0000000088e00000|100%| O|  |TAMS 0x0000000088e00000, 0x0000000088d00000| Untracked 
|  48|0x0000000088e00000, 0x0000000088f00000, 0x0000000088f00000|100%| O|  |TAMS 0x0000000088f00000, 0x0000000088e00000| Untracked 
|  49|0x0000000088f00000, 0x0000000089000000, 0x0000000089000000|100%| O|  |TAMS 0x0000000089000000, 0x0000000088f00000| Untracked 
|  50|0x0000000089000000, 0x0000000089100000, 0x0000000089100000|100%| O|  |TAMS 0x0000000089100000, 0x0000000089000000| Untracked 
|  51|0x0000000089100000, 0x0000000089200000, 0x0000000089200000|100%| O|  |TAMS 0x0000000089200000, 0x0000000089100000| Complete 
|  52|0x0000000089200000, 0x0000000089300000, 0x0000000089300000|100%| O|  |TAMS 0x000000008922c400, 0x0000000089200000| Untracked 
|  53|0x0000000089300000, 0x0000000089400000, 0x0000000089400000|100%| O|  |TAMS 0x0000000089300000, 0x0000000089300000| Untracked 
|  54|0x0000000089400000, 0x00000000894dfc00, 0x0000000089500000| 87%| O|  |TAMS 0x0000000089400000, 0x0000000089400000| Untracked 
|  55|0x0000000089500000, 0x0000000089500000, 0x0000000089600000|  0%| F|  |TAMS 0x0000000089500000, 0x0000000089500000| Untracked 
|  56|0x0000000089600000, 0x0000000089600000, 0x0000000089700000|  0%| F|  |TAMS 0x0000000089600000, 0x0000000089600000| Untracked 
|  57|0x0000000089700000, 0x0000000089700000, 0x0000000089800000|  0%| F|  |TAMS 0x0000000089700000, 0x0000000089700000| Untracked 
|  58|0x0000000089800000, 0x0000000089800000, 0x0000000089900000|  0%| F|  |TAMS 0x0000000089800000, 0x0000000089800000| Untracked 
|  59|0x0000000089900000, 0x0000000089900000, 0x0000000089a00000|  0%| F|  |TAMS 0x0000000089900000, 0x0000000089900000| Untracked 
|  60|0x0000000089a00000, 0x0000000089a00000, 0x0000000089b00000|  0%| F|  |TAMS 0x0000000089a00000, 0x0000000089a00000| Untracked 
|  61|0x0000000089b00000, 0x0000000089b00000, 0x0000000089c00000|  0%| F|  |TAMS 0x0000000089b00000, 0x0000000089b00000| Untracked 
|  62|0x0000000089c00000, 0x0000000089c00000, 0x0000000089d00000|  0%| F|  |TAMS 0x0000000089c00000, 0x0000000089c00000| Untracked 
|  63|0x0000000089d00000, 0x0000000089d00000, 0x0000000089e00000|  0%| F|  |TAMS 0x0000000089d00000, 0x0000000089d00000| Untracked 
|  64|0x0000000089e00000, 0x0000000089e00000, 0x0000000089f00000|  0%| F|  |TAMS 0x0000000089e00000, 0x0000000089e00000| Untracked 
|  65|0x0000000089f00000, 0x0000000089f00000, 0x000000008a000000|  0%| F|  |TAMS 0x0000000089f00000, 0x0000000089f00000| Untracked 
|  66|0x000000008a000000, 0x000000008a000000, 0x000000008a100000|  0%| F|  |TAMS 0x000000008a000000, 0x000000008a000000| Untracked 
|  67|0x000000008a100000, 0x000000008a100000, 0x000000008a200000|  0%| F|  |TAMS 0x000000008a100000, 0x000000008a100000| Untracked 
|  68|0x000000008a200000, 0x000000008a200000, 0x000000008a300000|  0%| F|  |TAMS 0x000000008a200000, 0x000000008a200000| Untracked 
|  69|0x000000008a300000, 0x000000008a300000, 0x000000008a400000|  0%| F|  |TAMS 0x000000008a300000, 0x000000008a300000| Untracked 
|  70|0x000000008a400000, 0x000000008a400000, 0x000000008a500000|  0%| F|  |TAMS 0x000000008a400000, 0x000000008a400000| Untracked 
|  71|0x000000008a500000, 0x000000008a546a20, 0x000000008a600000| 27%| S|CS|TAMS 0x000000008a500000, 0x000000008a500000| Complete 
|  72|0x000000008a600000, 0x000000008a700000, 0x000000008a700000|100%| S|CS|TAMS 0x000000008a600000, 0x000000008a600000| Complete 
|  73|0x000000008a700000, 0x000000008a700000, 0x000000008a800000|  0%| F|  |TAMS 0x000000008a700000, 0x000000008a700000| Untracked 
|  74|0x000000008a800000, 0x000000008a800000, 0x000000008a900000|  0%| F|  |TAMS 0x000000008a800000, 0x000000008a800000| Untracked 
|  75|0x000000008a900000, 0x000000008a900000, 0x000000008aa00000|  0%| F|  |TAMS 0x000000008a900000, 0x000000008a900000| Untracked 
|  76|0x000000008aa00000, 0x000000008ab00000, 0x000000008ab00000|100%| S|CS|TAMS 0x000000008aa00000, 0x000000008aa00000| Complete 
|  77|0x000000008ab00000, 0x000000008ac00000, 0x000000008ac00000|100%| S|CS|TAMS 0x000000008ab00000, 0x000000008ab00000| Complete 
|  78|0x000000008ac00000, 0x000000008ac00000, 0x000000008ad00000|  0%| F|  |TAMS 0x000000008ac00000, 0x000000008ac00000| Untracked 
|  79|0x000000008ad00000, 0x000000008ad00000, 0x000000008ae00000|  0%| F|  |TAMS 0x000000008ad00000, 0x000000008ad00000| Untracked 
|  80|0x000000008ae00000, 0x000000008ae00000, 0x000000008af00000|  0%| F|  |TAMS 0x000000008ae00000, 0x000000008ae00000| Untracked 
|  81|0x000000008af00000, 0x000000008af00000, 0x000000008b000000|  0%| F|  |TAMS 0x000000008af00000, 0x000000008af00000| Untracked 
|  82|0x000000008b000000, 0x000000008b000000, 0x000000008b100000|  0%| F|  |TAMS 0x000000008b000000, 0x000000008b000000| Untracked 
|  83|0x000000008b100000, 0x000000008b100000, 0x000000008b200000|  0%| F|  |TAMS 0x000000008b100000, 0x000000008b100000| Untracked 
|  84|0x000000008b200000, 0x000000008b200000, 0x000000008b300000|  0%| F|  |TAMS 0x000000008b200000, 0x000000008b200000| Untracked 
|  85|0x000000008b300000, 0x000000008b300000, 0x000000008b400000|  0%| F|  |TAMS 0x000000008b300000, 0x000000008b300000| Untracked 
|  86|0x000000008b400000, 0x000000008b400000, 0x000000008b500000|  0%| F|  |TAMS 0x000000008b400000, 0x000000008b400000| Untracked 
|  87|0x000000008b500000, 0x000000008b500000, 0x000000008b600000|  0%| F|  |TAMS 0x000000008b500000, 0x000000008b500000| Untracked 
|  88|0x000000008b600000, 0x000000008b600000, 0x000000008b700000|  0%| F|  |TAMS 0x000000008b600000, 0x000000008b600000| Untracked 
|  89|0x000000008b700000, 0x000000008b700000, 0x000000008b800000|  0%| F|  |TAMS 0x000000008b700000, 0x000000008b700000| Untracked 
|  90|0x000000008b800000, 0x000000008b800000, 0x000000008b900000|  0%| F|  |TAMS 0x000000008b800000, 0x000000008b800000| Untracked 
|  91|0x000000008b900000, 0x000000008b900000, 0x000000008ba00000|  0%| F|  |TAMS 0x000000008b900000, 0x000000008b900000| Untracked 
|  92|0x000000008ba00000, 0x000000008ba00000, 0x000000008bb00000|  0%| F|  |TAMS 0x000000008ba00000, 0x000000008ba00000| Untracked 
|  93|0x000000008bb00000, 0x000000008bb00000, 0x000000008bc00000|  0%| F|  |TAMS 0x000000008bb00000, 0x000000008bb00000| Untracked 
|  94|0x000000008bc00000, 0x000000008bc00000, 0x000000008bd00000|  0%| F|  |TAMS 0x000000008bc00000, 0x000000008bc00000| Untracked 
|  95|0x000000008bd00000, 0x000000008bd00000, 0x000000008be00000|  0%| F|  |TAMS 0x000000008bd00000, 0x000000008bd00000| Untracked 
|  96|0x000000008be00000, 0x000000008be00000, 0x000000008bf00000|  0%| F|  |TAMS 0x000000008be00000, 0x000000008be00000| Untracked 
|  97|0x000000008bf00000, 0x000000008bf00000, 0x000000008c000000|  0%| F|  |TAMS 0x000000008bf00000, 0x000000008bf00000| Untracked 
|  98|0x000000008c000000, 0x000000008c000000, 0x000000008c100000|  0%| F|  |TAMS 0x000000008c000000, 0x000000008c000000| Untracked 
|  99|0x000000008c100000, 0x000000008c100000, 0x000000008c200000|  0%| F|  |TAMS 0x000000008c100000, 0x000000008c100000| Untracked 
| 100|0x000000008c200000, 0x000000008c200000, 0x000000008c300000|  0%| F|  |TAMS 0x000000008c200000, 0x000000008c200000| Untracked 
| 101|0x000000008c300000, 0x000000008c300000, 0x000000008c400000|  0%| F|  |TAMS 0x000000008c300000, 0x000000008c300000| Untracked 
| 102|0x000000008c400000, 0x000000008c400000, 0x000000008c500000|  0%| F|  |TAMS 0x000000008c400000, 0x000000008c400000| Untracked 
| 103|0x000000008c500000, 0x000000008c500000, 0x000000008c600000|  0%| F|  |TAMS 0x000000008c500000, 0x000000008c500000| Untracked 
| 104|0x000000008c600000, 0x000000008c600000, 0x000000008c700000|  0%| F|  |TAMS 0x000000008c600000, 0x000000008c600000| Untracked 
| 105|0x000000008c700000, 0x000000008c700000, 0x000000008c800000|  0%| F|  |TAMS 0x000000008c700000, 0x000000008c700000| Untracked 
| 106|0x000000008c800000, 0x000000008c800000, 0x000000008c900000|  0%| F|  |TAMS 0x000000008c800000, 0x000000008c800000| Untracked 
| 107|0x000000008c900000, 0x000000008c900000, 0x000000008ca00000|  0%| F|  |TAMS 0x000000008c900000, 0x000000008c900000| Untracked 
| 108|0x000000008ca00000, 0x000000008ca00000, 0x000000008cb00000|  0%| F|  |TAMS 0x000000008ca00000, 0x000000008ca00000| Untracked 
| 109|0x000000008cb00000, 0x000000008cb00000, 0x000000008cc00000|  0%| F|  |TAMS 0x000000008cb00000, 0x000000008cb00000| Untracked 
| 110|0x000000008cc00000, 0x000000008cc00000, 0x000000008cd00000|  0%| F|  |TAMS 0x000000008cc00000, 0x000000008cc00000| Untracked 
| 111|0x000000008cd00000, 0x000000008cd00000, 0x000000008ce00000|  0%| F|  |TAMS 0x000000008cd00000, 0x000000008cd00000| Untracked 
| 112|0x000000008ce00000, 0x000000008ce00000, 0x000000008cf00000|  0%| F|  |TAMS 0x000000008ce00000, 0x000000008ce00000| Untracked 
| 113|0x000000008cf00000, 0x000000008cf00000, 0x000000008d000000|  0%| F|  |TAMS 0x000000008cf00000, 0x000000008cf00000| Untracked 
| 114|0x000000008d000000, 0x000000008d000000, 0x000000008d100000|  0%| F|  |TAMS 0x000000008d000000, 0x000000008d000000| Untracked 
| 115|0x000000008d100000, 0x000000008d100000, 0x000000008d200000|  0%| F|  |TAMS 0x000000008d100000, 0x000000008d100000| Untracked 
| 116|0x000000008d200000, 0x000000008d200000, 0x000000008d300000|  0%| F|  |TAMS 0x000000008d200000, 0x000000008d200000| Untracked 
| 117|0x000000008d300000, 0x000000008d300000, 0x000000008d400000|  0%| F|  |TAMS 0x000000008d300000, 0x000000008d300000| Untracked 
| 118|0x000000008d400000, 0x000000008d400000, 0x000000008d500000|  0%| F|  |TAMS 0x000000008d400000, 0x000000008d400000| Untracked 
| 119|0x000000008d500000, 0x000000008d500000, 0x000000008d600000|  0%| F|  |TAMS 0x000000008d500000, 0x000000008d500000| Untracked 
| 120|0x000000008d600000, 0x000000008d600000, 0x000000008d700000|  0%| F|  |TAMS 0x000000008d600000, 0x000000008d600000| Untracked 
| 121|0x000000008d700000, 0x000000008d700000, 0x000000008d800000|  0%| F|  |TAMS 0x000000008d700000, 0x000000008d700000| Untracked 
| 122|0x000000008d800000, 0x000000008d800000, 0x000000008d900000|  0%| F|  |TAMS 0x000000008d800000, 0x000000008d800000| Untracked 
| 123|0x000000008d900000, 0x000000008d900000, 0x000000008da00000|  0%| F|  |TAMS 0x000000008d900000, 0x000000008d900000| Untracked 

Card table byte_map: [0x000001574dbc0000,0x000001574dfa0000] _byte_map_base: 0x000001574d791000

Marking Bits (Prev, Next): (CMBitMap*) 0x000001574271d4e0, (CMBitMap*) 0x000001574271d4a0
 Prev Bits: [0x0000015750210000, 0x0000015752098000)
 Next Bits: [0x000001574e380000, 0x0000015750208000)

Polling page: 0x0000015740620000

Metaspace:

Usage:
  Non-class:     53.32 MB used.
      Class:      8.98 MB used.
       Both:     62.30 MB used.

Virtual space:
  Non-class space:       64.00 MB reserved,      53.62 MB ( 84%) committed,  1 nodes.
      Class space:        1.00 GB reserved,       9.25 MB ( <1%) committed,  1 nodes.
             Both:        1.06 GB reserved,      62.88 MB (  6%) committed. 

Chunk freelists:
   Non-Class:  10.19 MB
       Class:  6.76 MB
        Both:  16.96 MB

MaxMetaspaceSize: unlimited
CompressedClassSpaceSize: 1.00 GB
Initial GC threshold: 21.00 MB
Current GC threshold: 97.75 MB
CDS: on
MetaspaceReclaimPolicy: balanced
 - commit_granule_bytes: 65536.
 - commit_granule_words: 8192.
 - virtual_space_node_default_size: 8388608.
 - enlarge_chunks_in_place: 1.
 - new_chunks_are_fully_committed: 0.
 - uncommit_free_chunks: 1.
 - use_allocation_guard: 0.
 - handle_deallocations: 1.


Internal statistics:

num_allocs_failed_limit: 6.
num_arena_births: 806.
num_arena_deaths: 0.
num_vsnodes_births: 2.
num_vsnodes_deaths: 0.
num_space_committed: 1006.
num_space_uncommitted: 0.
num_chunks_returned_to_freelist: 6.
num_chunks_taken_from_freelist: 3065.
num_chunk_merges: 3.
num_chunk_splits: 2210.
num_chunks_enlarged: 1682.
num_inconsistent_stats: 0.

CodeCache: size=49152Kb used=14222Kb max_used=14222Kb free=34929Kb
 bounds [0x0000015749f40000, 0x000001574ad30000, 0x000001574cf40000]
 total_blobs=8182 nmethods=7518 adapters=588
 compilation: enabled
              stopped_count=0, restarted_count=0
 full_count=0

Compilation events (20 events):
Event: 7.393 Thread 0x00000157552608d0 7510   !   1       org.hibernate.internal.util.ReflectHelper::setterMethodOrNull (108 bytes)
Event: 7.393 Thread 0x0000015755231430 nmethod 7509 0x000001574ad1c890 code [0x000001574ad1ca40, 0x000001574ad1cca8]
Event: 7.393 Thread 0x0000015755231430 7511       1       org.hibernate.internal.util.ReflectHelper::likelySetterMethodNameForProperty (35 bytes)
Event: 7.393 Thread 0x0000015755230f10 nmethod 7505 0x000001574ad1cd90 code [0x000001574ad1d020, 0x000001574ad1d998]
Event: 7.393 Thread 0x0000015755230f10 7512       1       net.bytebuddy.description.type.TypeDescription$Generic$Visitor$ForRawType::<init> (10 bytes)
Event: 7.393 Thread 0x0000015755230f10 nmethod 7512 0x000001574ad1de90 code [0x000001574ad1e020, 0x000001574ad1e138]
Event: 7.393 Thread 0x0000015755230f10 7514       1       net.bytebuddy.description.method.MethodDescription$AbstractBase::isConstructor (10 bytes)
Event: 7.394 Thread 0x0000015755230f10 nmethod 7514 0x000001574ad1e190 code [0x000001574ad1e340, 0x000001574ad1e458]
Event: 7.394 Thread 0x0000015755231430 nmethod 7511 0x000001574ad1e510 code [0x000001574ad1e780, 0x000001574ad1ed08]
Event: 7.394 Thread 0x00000157552608d0 nmethod 7510 0x000001574ad1f310 code [0x000001574ad1f640, 0x000001574ad20048]
Event: 7.395 Thread 0x00000157552608d0 7515   !   1       jdk.internal.reflect.GeneratedMethodAccessor13::invoke (66 bytes)
Event: 7.395 Thread 0x0000015755230f10 7516   !   1       jdk.internal.reflect.GeneratedMethodAccessor14::invoke (66 bytes)
Event: 7.395 Thread 0x0000015755231430 7517   !   1       jdk.internal.reflect.GeneratedMethodAccessor15::invoke (66 bytes)
Event: 7.395 Thread 0x0000015755231430 nmethod 7517 0x000001574ad20a90 code [0x000001574ad20cc0, 0x000001574ad212a8]
Event: 7.395 Thread 0x0000015755230f10 nmethod 7516 0x000001574ad21710 code [0x000001574ad21940, 0x000001574ad21f28]
Event: 7.395 Thread 0x00000157552608d0 nmethod 7515 0x000001574ad22390 code [0x000001574ad225c0, 0x000001574ad22ba8]
Event: 7.396 Thread 0x00000157552608d0 7518       1       net.bytebuddy.dynamic.scaffold.TypeInitializer$Simple::expandWith (30 bytes)
Event: 7.396 Thread 0x0000015755231430 7519       1       net.bytebuddy.description.method.MethodDescription$Latent$TypeInitializer::getInternalName (3 bytes)
Event: 7.396 Thread 0x0000015755231430 nmethod 7519 0x000001574ad23010 code [0x000001574ad231a0, 0x000001574ad23278]
Event: 7.396 Thread 0x00000157552608d0 nmethod 7518 0x000001574ad23310 code [0x000001574ad234e0, 0x000001574ad23a08]

GC Heap History (20 events):
Event: 3.364 GC heap after
{Heap after GC invocations=10 (full 0):
 garbage-first heap   total 96256K, used 38287K [0x0000000085e00000, 0x0000000100000000)
  region size 1024K, 5 young (5120K), 5 survivors (5120K)
 Metaspace       used 28197K, committed 28608K, reserved 1114112K
  class space    used 3986K, committed 4160K, reserved 1048576K
}
Event: 3.461 GC heap before
{Heap before GC invocations=10 (full 0):
 garbage-first heap   total 96256K, used 74127K [0x0000000085e00000, 0x0000000100000000)
  region size 1024K, 40 young (40960K), 5 survivors (5120K)
 Metaspace       used 28219K, committed 28608K, reserved 1114112K
  class space    used 3987K, committed 4160K, reserved 1048576K
}
Event: 3.464 GC heap after
{Heap after GC invocations=11 (full 0):
 garbage-first heap   total 96256K, used 41394K [0x0000000085e00000, 0x0000000100000000)
  region size 1024K, 3 young (3072K), 3 survivors (3072K)
 Metaspace       used 28219K, committed 28608K, reserved 1114112K
  class space    used 3987K, committed 4160K, reserved 1048576K
}
Event: 3.659 GC heap before
{Heap before GC invocations=11 (full 0):
 garbage-first heap   total 96256K, used 75186K [0x0000000085e00000, 0x0000000100000000)
  region size 1024K, 36 young (36864K), 3 survivors (3072K)
 Metaspace       used 28325K, committed 28672K, reserved 1114112K
  class space    used 3993K, committed 4160K, reserved 1048576K
}
Event: 3.661 GC heap after
{Heap after GC invocations=12 (full 0):
 garbage-first heap   total 116736K, used 42708K [0x0000000085e00000, 0x0000000100000000)
  region size 1024K, 2 young (2048K), 2 survivors (2048K)
 Metaspace       used 28325K, committed 28672K, reserved 1114112K
  class space    used 3993K, committed 4160K, reserved 1048576K
}
Event: 4.214 GC heap before
{Heap before GC invocations=12 (full 0):
 garbage-first heap   total 116736K, used 91860K [0x0000000085e00000, 0x0000000100000000)
  region size 1024K, 50 young (51200K), 2 survivors (2048K)
 Metaspace       used 32283K, committed 32704K, reserved 1114112K
  class space    used 4584K, committed 4800K, reserved 1048576K
}
Event: 4.217 GC heap after
{Heap after GC invocations=13 (full 0):
 garbage-first heap   total 116736K, used 46051K [0x0000000085e00000, 0x0000000100000000)
  region size 1024K, 5 young (5120K), 5 survivors (5120K)
 Metaspace       used 32283K, committed 32704K, reserved 1114112K
  class space    used 4584K, committed 4800K, reserved 1048576K
}
Event: 4.594 GC heap before
{Heap before GC invocations=13 (full 0):
 garbage-first heap   total 116736K, used 73699K [0x0000000085e00000, 0x0000000100000000)
  region size 1024K, 33 young (33792K), 5 survivors (5120K)
 Metaspace       used 35674K, committed 36096K, reserved 1114112K
  class space    used 5073K, committed 5248K, reserved 1048576K
}
Event: 4.598 GC heap after
{Heap after GC invocations=14 (full 0):
 garbage-first heap   total 116736K, used 48194K [0x0000000085e00000, 0x0000000100000000)
  region size 1024K, 6 young (6144K), 6 survivors (6144K)
 Metaspace       used 35674K, committed 36096K, reserved 1114112K
  class space    used 5073K, committed 5248K, reserved 1048576K
}
Event: 5.382 GC heap before
{Heap before GC invocations=15 (full 0):
 garbage-first heap   total 116736K, used 93250K [0x0000000085e00000, 0x0000000100000000)
  region size 1024K, 50 young (51200K), 6 survivors (6144K)
 Metaspace       used 38754K, committed 39296K, reserved 1114112K
  class space    used 5504K, committed 5760K, reserved 1048576K
}
Event: 5.386 GC heap after
{Heap after GC invocations=16 (full 0):
 garbage-first heap   total 116736K, used 50423K [0x0000000085e00000, 0x0000000100000000)
  region size 1024K, 5 young (5120K), 5 survivors (5120K)
 Metaspace       used 38754K, committed 39296K, reserved 1114112K
  class space    used 5504K, committed 5760K, reserved 1048576K
}
Event: 5.388 GC heap before
{Heap before GC invocations=16 (full 0):
 garbage-first heap   total 116736K, used 51447K [0x0000000085e00000, 0x0000000100000000)
  region size 1024K, 6 young (6144K), 5 survivors (5120K)
 Metaspace       used 38754K, committed 39296K, reserved 1114112K
  class space    used 5504K, committed 5760K, reserved 1048576K
}
Event: 5.390 GC heap after
{Heap after GC invocations=17 (full 0):
 garbage-first heap   total 116736K, used 49669K [0x0000000085e00000, 0x0000000100000000)
  region size 1024K, 1 young (1024K), 1 survivors (1024K)
 Metaspace       used 38754K, committed 39296K, reserved 1114112K
  class space    used 5504K, committed 5760K, reserved 1048576K
}
Event: 5.713 GC heap before
{Heap before GC invocations=17 (full 0):
 garbage-first heap   total 116736K, used 93701K [0x0000000085e00000, 0x0000000100000000)
  region size 1024K, 44 young (45056K), 1 survivors (1024K)
 Metaspace       used 42495K, committed 43008K, reserved 1114112K
  class space    used 6046K, committed 6272K, reserved 1048576K
}
Event: 5.715 GC heap after
{Heap after GC invocations=18 (full 0):
 garbage-first heap   total 116736K, used 52603K [0x0000000085e00000, 0x0000000100000000)
  region size 1024K, 4 young (4096K), 4 survivors (4096K)
 Metaspace       used 42495K, committed 43008K, reserved 1114112K
  class space    used 6046K, committed 6272K, reserved 1048576K
}
Event: 6.542 GC heap before
{Heap before GC invocations=18 (full 0):
 garbage-first heap   total 116736K, used 94587K [0x0000000085e00000, 0x0000000100000000)
  region size 1024K, 45 young (46080K), 4 survivors (4096K)
 Metaspace       used 54056K, committed 54592K, reserved 1114112K
  class space    used 7660K, committed 7936K, reserved 1048576K
}
Event: 6.545 GC heap after
{Heap after GC invocations=19 (full 0):
 garbage-first heap   total 116736K, used 55530K [0x0000000085e00000, 0x0000000100000000)
  region size 1024K, 3 young (3072K), 3 survivors (3072K)
 Metaspace       used 54056K, committed 54592K, reserved 1114112K
  class space    used 7660K, committed 7936K, reserved 1048576K
}
Event: 6.986 GC heap before
{Heap before GC invocations=19 (full 0):
 garbage-first heap   total 116736K, used 94442K [0x0000000085e00000, 0x0000000100000000)
  region size 1024K, 41 young (41984K), 3 survivors (3072K)
 Metaspace       used 59198K, committed 59776K, reserved 1114112K
  class space    used 8324K, committed 8576K, reserved 1048576K
}
Event: 6.989 GC heap after
{Heap after GC invocations=20 (full 0):
 garbage-first heap   total 116736K, used 57797K [0x0000000085e00000, 0x0000000100000000)
  region size 1024K, 6 young (6144K), 6 survivors (6144K)
 Metaspace       used 59198K, committed 59776K, reserved 1114112K
  class space    used 8324K, committed 8576K, reserved 1048576K
}
Event: 7.396 GC heap before
{Heap before GC invocations=21 (full 0):
 garbage-first heap   total 116736K, used 94661K [0x0000000085e00000, 0x0000000100000000)
  region size 1024K, 42 young (43008K), 6 survivors (6144K)
 Metaspace       used 63799K, committed 64384K, reserved 1114112K
  class space    used 9198K, committed 9472K, reserved 1048576K
}

Deoptimization events (20 events):
Event: 1.719 Thread 0x000001579b6ffeb0 DEOPT PACKING pc=0x000001574a524a55 sp=0x0000003c311fce90
Event: 1.719 Thread 0x000001579b6ffeb0 DEOPT UNPACKING pc=0x0000015749f92b43 sp=0x0000003c311fc338 mode 3
Event: 2.283 Thread 0x000001579b6ffeb0 DEOPT PACKING pc=0x000001574a62a3ec sp=0x0000003c311fdc70
Event: 2.283 Thread 0x000001579b6ffeb0 DEOPT UNPACKING pc=0x0000015749f92b43 sp=0x0000003c311fd1e8 mode 0
Event: 2.620 Thread 0x000001579b6ffeb0 DEOPT PACKING pc=0x000001574a695a6c sp=0x0000003c311fdca0
Event: 2.620 Thread 0x000001579b6ffeb0 DEOPT UNPACKING pc=0x0000015749f92b43 sp=0x0000003c311fd138 mode 0
Event: 2.697 Thread 0x000001579b6ffeb0 DEOPT PACKING pc=0x000001574a6976c4 sp=0x0000003c311fda90
Event: 2.697 Thread 0x000001579b6ffeb0 DEOPT UNPACKING pc=0x0000015749f92b43 sp=0x0000003c311fd030 mode 0
Event: 2.706 Thread 0x000001579b6ffeb0 DEOPT PACKING pc=0x000001574a697ce4 sp=0x0000003c311fddb0
Event: 2.706 Thread 0x000001579b6ffeb0 DEOPT UNPACKING pc=0x0000015749f92b43 sp=0x0000003c311fd350 mode 0
Event: 4.007 Thread 0x000001579b6ffeb0 DEOPT PACKING pc=0x000001574a864b99 sp=0x0000003c311fd270
Event: 4.007 Thread 0x000001579b6ffeb0 DEOPT UNPACKING pc=0x0000015749f92b43 sp=0x0000003c311fc750 mode 3
Event: 4.340 Thread 0x000001579b6ffeb0 DEOPT PACKING pc=0x000001574a8bffb5 sp=0x0000003c311fd180
Event: 4.340 Thread 0x000001579b6ffeb0 DEOPT UNPACKING pc=0x0000015749f92b43 sp=0x0000003c311fc728 mode 0
Event: 4.678 Thread 0x000001579b6ffeb0 DEOPT PACKING pc=0x000001574a96d91d sp=0x0000003c311fc9d0
Event: 4.678 Thread 0x000001579b6ffeb0 DEOPT UNPACKING pc=0x0000015749f92b43 sp=0x0000003c311fbf38 mode 3
Event: 5.110 Thread 0x000001579b6ffeb0 DEOPT PACKING pc=0x000001574a487781 sp=0x0000003c311fdd50
Event: 5.110 Thread 0x000001579b6ffeb0 DEOPT UNPACKING pc=0x0000015749f92b43 sp=0x0000003c311fd1e0 mode 3
Event: 5.110 Thread 0x000001579be1cda0 DEOPT PACKING pc=0x000001574a3f6e17 sp=0x0000003c320ff200
Event: 5.110 Thread 0x000001579be1cda0 DEOPT UNPACKING pc=0x0000015749f92b43 sp=0x0000003c320fe658 mode 3

Classes unloaded (0 events):
No events

Classes redefined (0 events):
No events

Internal exceptions (20 events):
Event: 4.882 Thread 0x000001579b6ffeb0 Exception <a 'java/lang/IncompatibleClassChangeError'{0x000000008bfca4a0}: Found class java.lang.Object, but interface was expected> (0x000000008bfca4a0) 
thrown [s\open\src\hotspot\share\interpreter\linkResolver.cpp, line 826]
Event: 4.882 Thread 0x000001579b6ffeb0 Exception <a 'java/lang/IncompatibleClassChangeError'{0x000000008bfd86c0}: Found class java.lang.Object, but interface was expected> (0x000000008bfd86c0) 
thrown [s\open\src\hotspot\share\interpreter\linkResolver.cpp, line 826]
Event: 4.885 Thread 0x000001579b6ffeb0 Exception <a 'java/lang/IncompatibleClassChangeError'{0x000000008be0a4c0}: Found class java.lang.Object, but interface was expected> (0x000000008be0a4c0) 
thrown [s\open\src\hotspot\share\interpreter\linkResolver.cpp, line 826]
Event: 5.084 Thread 0x000001579b6ffeb0 Exception <a 'java/lang/NoSuchMethodError'{0x000000008ab3f3e8}: 'long java.lang.invoke.DirectMethodHandle$Holder.invokeVirtual(java.lang.Object, java.lang.Object)'> (0x000000008ab3f3e8) 
thrown [s\open\src\hotspot\share\interpreter\linkResolver.cpp, line 759]
Event: 5.089 Thread 0x000001579b6ffeb0 Exception <a 'java/io/FileNotFoundException'{0x000000008ab769f0}> (0x000000008ab769f0) 
thrown [s\open\src\hotspot\share\prims\jni.cpp, line 516]
Event: 5.244 Thread 0x000001579be1d2b0 Exception <a 'java/lang/reflect/InvocationTargetException'{0x000000008a905cb0}> (0x000000008a905cb0) 
thrown [s\open\src\hotspot\share\runtime\reflection.cpp, line 1121]
Event: 5.377 Thread 0x000001579b6ffeb0 Exception <a 'sun/nio/fs/WindowsException'{0x0000000089f67d48}> (0x0000000089f67d48) 
thrown [s\open\src\hotspot\share\prims\jni.cpp, line 516]
Event: 5.751 Thread 0x000001579be1d2b0 Exception <a 'java/lang/reflect/InvocationTargetException'{0x000000008d63dda0}> (0x000000008d63dda0) 
thrown [s\open\src\hotspot\share\runtime\reflection.cpp, line 1121]
Event: 5.948 Thread 0x000001579b6ffeb0 Exception <a 'java/lang/NoSuchMethodError'{0x000000008bf11680}: 'int java.lang.invoke.DirectMethodHandle$Holder.invokeStatic(java.lang.Object)'> (0x000000008bf11680) 
thrown [s\open\src\hotspot\share\interpreter\linkResolver.cpp, line 759]
Event: 6.125 Thread 0x000001579b6ffeb0 Exception <a 'sun/nio/fs/WindowsException'{0x000000008b6b96c8}> (0x000000008b6b96c8) 
thrown [s\open\src\hotspot\share\prims\jni.cpp, line 516]
Event: 6.137 Thread 0x000001579b6ffeb0 Exception <a 'java/lang/NoSuchMethodError'{0x000000008b6dd118}: 'int java.lang.invoke.DirectMethodHandle$Holder.invokeStaticInit(java.lang.Object, java.lang.Object, java.lang.Object, java.lang.Object)'> (0x000000008b6dd118) 
thrown [s\open\src\hotspot\share\interpreter\linkResolver.cpp, line 759]
Event: 6.256 Thread 0x000001579be1d2b0 Exception <a 'java/lang/reflect/InvocationTargetException'{0x000000008b4be188}> (0x000000008b4be188) 
thrown [s\open\src\hotspot\share\runtime\reflection.cpp, line 1121]
Event: 6.443 Thread 0x000001579b6ffeb0 Exception <a 'java/lang/NoSuchMethodError'{0x000000008ae42158}: 'java.lang.Object java.lang.invoke.DirectMethodHandle$Holder.invokeSpecial(java.lang.Object, java.lang.Object, long, java.lang.Object, java.lang.Object, java.lang.Object, java.lang.Object, java.lang.Object, java.lang.Object, java.lang.Object)'> (0x000000008ae42158) 
thrown [s\open\src\hotspot\share\interpreter\linkResolver.cpp, line 759]
Event: 6.443 Thread 0x000001579b6ffeb0 Exception <a 'java/lang/NoSuchMethodError'{0x000000008ae46f10}: 'java.lang.Object java.lang.invoke.DelegatingMethodHandle$Holder.reinvoke_L(java.lang.Object, long, java.lang.Object, java.lang.Object, java.lang.Object, java.lang.Object, java.lang.Object, java.lang.Object, java.lang.Object)'> (0x000000008ae46f10) 
thrown [s\open\src\hotspot\share\interpreter\linkResolver.cpp, line 759]
Event: 6.444 Thread 0x000001579b6ffeb0 Exception <a 'java/lang/NoSuchMethodError'{0x000000008ae5e288}: 'java.lang.Object java.lang.invoke.Invokers$Holder.linkToTargetMethod(java.lang.Object, java.lang.Object, java.lang.Object, java.lang.Object, java.lang.Object, java.lang.Object, java.lang.Object, java.lang.Object)'> (0x000000008ae5e288) 
thrown [s\open\src\hotspot\share\interpreter\linkResolver.cpp, line 759]
Event: 6.762 Thread 0x000001579be1d2b0 Exception <a 'java/lang/reflect/InvocationTargetException'{0x000000008c0b8bc8}> (0x000000008c0b8bc8) 
thrown [s\open\src\hotspot\share\runtime\reflection.cpp, line 1121]
Event: 6.927 Thread 0x000001579b6ffeb0 Exception <a 'java/lang/IncompatibleClassChangeError'{0x000000008ae20078}: Found class java.lang.Object, but interface was expected> (0x000000008ae20078) 
thrown [s\open\src\hotspot\share\interpreter\linkResolver.cpp, line 826]
Event: 6.940 Thread 0x000001579b6ffeb0 Exception <a 'java/lang/NoSuchMethodError'{0x000000008aefd488}: 'java.lang.Object java.lang.invoke.DirectMethodHandle$Holder.invokeStatic(java.lang.Object, java.lang.Object, int, java.lang.Object)'> (0x000000008aefd488) 
thrown [s\open\src\hotspot\share\interpreter\linkResolver.cpp, line 759]
Event: 6.941 Thread 0x000001579b6ffeb0 Exception <a 'java/lang/NoSuchMethodError'{0x000000008ad66da8}: 'java.lang.Object java.lang.invoke.DirectMethodHandle$Holder.invokeStaticInit(java.lang.Object, java.lang.Object, int, java.lang.Object)'> (0x000000008ad66da8) 
thrown [s\open\src\hotspot\share\interpreter\linkResolver.cpp, line 759]
Event: 7.268 Thread 0x000001579be1d2b0 Exception <a 'java/lang/reflect/InvocationTargetException'{0x000000008bdae478}> (0x000000008bdae478) 
thrown [s\open\src\hotspot\share\runtime\reflection.cpp, line 1121]

VM Operations (20 events):
Event: 6.581 Executing VM operation: HandshakeAllThreads done
Event: 6.892 Executing VM operation: ICBufferFull
Event: 6.892 Executing VM operation: ICBufferFull done
Event: 6.986 Executing VM operation: G1CollectForAllocation
Event: 6.989 Executing VM operation: G1CollectForAllocation done
Event: 7.005 Executing VM operation: G1Concurrent
Event: 7.010 Executing VM operation: G1Concurrent done
Event: 7.016 Executing VM operation: G1Concurrent
Event: 7.017 Executing VM operation: G1Concurrent done
Event: 7.149 Executing VM operation: HandshakeAllThreads
Event: 7.149 Executing VM operation: HandshakeAllThreads done
Event: 7.172 Executing VM operation: HandshakeAllThreads
Event: 7.172 Executing VM operation: HandshakeAllThreads done
Event: 7.250 Executing VM operation: HandshakeAllThreads
Event: 7.250 Executing VM operation: HandshakeAllThreads done
Event: 7.318 Executing VM operation: ICBufferFull
Event: 7.318 Executing VM operation: ICBufferFull done
Event: 7.377 Executing VM operation: ICBufferFull
Event: 7.377 Executing VM operation: ICBufferFull done
Event: 7.396 Executing VM operation: G1CollectForAllocation

Events (20 events):
Event: 6.760 Thread 0x000001579cad1690 Thread added: 0x000001579cad1690
Event: 6.762 Thread 0x000001579cad1690 Thread exited: 0x000001579cad1690
Event: 6.811 loading class javax/naming/RefAddr
Event: 6.811 loading class javax/naming/RefAddr done
Event: 6.811 loading class javax/naming/StringRefAddr
Event: 6.811 loading class javax/naming/StringRefAddr done
Event: 6.833 loading class java/util/concurrent/CompletionStage
Event: 6.833 loading class java/util/concurrent/CompletionStage done
Event: 6.834 loading class java/util/concurrent/CompletableFuture
Event: 6.835 loading class java/util/concurrent/CompletableFuture done
Event: 6.835 loading class java/util/concurrent/CompletableFuture$AltResult
Event: 6.835 loading class java/util/concurrent/CompletableFuture$AltResult done
Event: 6.836 loading class java/util/concurrent/CompletableFuture$Completion
Event: 6.836 loading class java/util/concurrent/CompletableFuture$AsynchronousCompletionTask
Event: 6.836 loading class java/util/concurrent/CompletableFuture$AsynchronousCompletionTask done
Event: 6.836 loading class java/util/concurrent/CompletableFuture$Completion done
Event: 6.919 loading class java/util/concurrent/CancellationException
Event: 6.919 loading class java/util/concurrent/CancellationException done
Event: 7.265 Thread 0x000001579cad5860 Thread added: 0x000001579cad5860
Event: 7.269 Thread 0x000001579cad5860 Thread exited: 0x000001579cad5860


Dynamic libraries:
0x00007ff6900e0000 - 0x00007ff6900f0000 	C:\Program Files\Java\jdk-17\bin\java.exe
0x00007ffb96490000 - 0x00007ffb966a7000 	C:\WINDOWS\SYSTEM32\ntdll.dll
0x00007ffb94ee0000 - 0x00007ffb94fa4000 	C:\WINDOWS\System32\KERNEL32.DLL
0x00007ffb93af0000 - 0x00007ffb93ec0000 	C:\WINDOWS\System32\KERNELBASE.dll
0x00007ffb93740000 - 0x00007ffb93851000 	C:\WINDOWS\System32\ucrtbase.dll
0x00007ffb7a2f0000 - 0x00007ffb7a30b000 	C:\Program Files\Java\jdk-17\bin\VCRUNTIME140.dll
0x00007ffb80370000 - 0x00007ffb80389000 	C:\Program Files\Java\jdk-17\bin\jli.dll
0x00007ffb955a0000 - 0x00007ffb95651000 	C:\WINDOWS\System32\ADVAPI32.dll
0x00007ffb947c0000 - 0x00007ffb94867000 	C:\WINDOWS\System32\msvcrt.dll
0x00007ffb948e0000 - 0x00007ffb94987000 	C:\WINDOWS\System32\sechost.dll
0x00007ffb94150000 - 0x00007ffb94178000 	C:\WINDOWS\System32\bcrypt.dll
0x00007ffb94690000 - 0x00007ffb947a4000 	C:\WINDOWS\System32\RPCRT4.dll
0x00007ffb960f0000 - 0x00007ffb9629e000 	C:\WINDOWS\System32\USER32.dll
0x00007ffb93f40000 - 0x00007ffb93f66000 	C:\WINDOWS\System32\win32u.dll
0x00007ffb8b410000 - 0x00007ffb8b6a2000 	C:\WINDOWS\WinSxS\amd64_microsoft.windows.common-controls_6595b64144ccf1df_6.0.22621.4830_none_270fe7d773858e80\COMCTL32.dll
0x00007ffb960c0000 - 0x00007ffb960e9000 	C:\WINDOWS\System32\GDI32.dll
0x00007ffb93f70000 - 0x00007ffb9408b000 	C:\WINDOWS\System32\gdi32full.dll
0x00007ffb93a50000 - 0x00007ffb93aea000 	C:\WINDOWS\System32\msvcp_win.dll
0x00007ffb8ab90000 - 0x00007ffb8ab9a000 	C:\WINDOWS\SYSTEM32\VERSION.dll
0x00007ffb94990000 - 0x00007ffb949c1000 	C:\WINDOWS\System32\IMM32.DLL
0x00007ffb88470000 - 0x00007ffb8847c000 	C:\Program Files\Java\jdk-17\bin\vcruntime140_1.dll
0x00007ffb7a260000 - 0x00007ffb7a2ee000 	C:\Program Files\Java\jdk-17\bin\msvcp140.dll
0x00007ffaf1320000 - 0x00007ffaf1f01000 	C:\Program Files\Java\jdk-17\bin\server\jvm.dll
0x00007ffb948d0000 - 0x00007ffb948d8000 	C:\WINDOWS\System32\PSAPI.DLL
0x00007ffb8eba0000 - 0x00007ffb8ebd4000 	C:\WINDOWS\SYSTEM32\WINMM.dll
0x00007ffb88b90000 - 0x00007ffb88b99000 	C:\WINDOWS\SYSTEM32\WSOCK32.dll
0x00007ffb94e60000 - 0x00007ffb94ed1000 	C:\WINDOWS\System32\WS2_32.dll
0x00007ffb92840000 - 0x00007ffb92858000 	C:\WINDOWS\SYSTEM32\kernel.appcore.dll
0x00007ffb80360000 - 0x00007ffb8036a000 	C:\Program Files\Java\jdk-17\bin\jimage.dll
0x00007ffb90a60000 - 0x00007ffb90c92000 	C:\WINDOWS\SYSTEM32\DBGHELP.DLL
0x00007ffb949e0000 - 0x00007ffb94d70000 	C:\WINDOWS\System32\combase.dll
0x00007ffb94fb0000 - 0x00007ffb95087000 	C:\WINDOWS\System32\OLEAUT32.dll
0x00007ffb890d0000 - 0x00007ffb89102000 	C:\WINDOWS\SYSTEM32\dbgcore.DLL
0x00007ffb93860000 - 0x00007ffb938db000 	C:\WINDOWS\System32\bcryptPrimitives.dll
0x00007ffb7a250000 - 0x00007ffb7a25e000 	C:\Program Files\Java\jdk-17\bin\instrument.dll
0x00007ffb7a220000 - 0x00007ffb7a245000 	C:\Program Files\Java\jdk-17\bin\java.dll
0x00007ffb65ab0000 - 0x00007ffb65b87000 	C:\Program Files\Java\jdk-17\bin\jsvml.dll
0x00007ffb95710000 - 0x00007ffb95f88000 	C:\WINDOWS\System32\SHELL32.dll
0x00007ffb91650000 - 0x00007ffb91f60000 	C:\WINDOWS\SYSTEM32\windows.storage.dll
0x00007ffb91510000 - 0x00007ffb9164f000 	C:\WINDOWS\SYSTEM32\wintypes.dll
0x00007ffb943c0000 - 0x00007ffb944ca000 	C:\WINDOWS\System32\SHCORE.dll
0x00007ffb94870000 - 0x00007ffb948ce000 	C:\WINDOWS\System32\shlwapi.dll
0x00007ffb93670000 - 0x00007ffb9369b000 	C:\WINDOWS\SYSTEM32\profapi.dll
0x00007ffb7a200000 - 0x00007ffb7a218000 	C:\Program Files\Java\jdk-17\bin\zip.dll
0x00007ffb7a1e0000 - 0x00007ffb7a1f9000 	C:\Program Files\Java\jdk-17\bin\net.dll
0x00007ffb90130000 - 0x00007ffb9025c000 	C:\WINDOWS\SYSTEM32\WINHTTP.dll
0x00007ffb92cf0000 - 0x00007ffb92d5a000 	C:\WINDOWS\system32\mswsock.dll
0x00007ffb768a0000 - 0x00007ffb768b6000 	C:\Program Files\Java\jdk-17\bin\nio.dll
0x00007ffb76850000 - 0x00007ffb7686a000 	C:\Program Files\JetBrains\IntelliJ IDEA 2024.1.3\bin\breakgen64.dll
0x00007ffb92260000 - 0x00007ffb92362000 	C:\WINDOWS\SYSTEM32\DNSAPI.dll
0x00007ffb92230000 - 0x00007ffb9225d000 	C:\WINDOWS\SYSTEM32\IPHLPAPI.DLL
0x00007ffb949d0000 - 0x00007ffb949d9000 	C:\WINDOWS\System32\NSI.dll
0x00007ffb90100000 - 0x00007ffb9010a000 	C:\Windows\System32\rasadhlp.dll
0x00007ffb8f090000 - 0x00007ffb8f113000 	C:\WINDOWS\System32\fwpuclnt.dll
0x00007ffb76890000 - 0x00007ffb7689a000 	C:\Program Files\Java\jdk-17\bin\management.dll
0x00007ffb76880000 - 0x00007ffb7688b000 	C:\Program Files\Java\jdk-17\bin\management_ext.dll
0x00007ffb92f50000 - 0x00007ffb92f6b000 	C:\WINDOWS\SYSTEM32\CRYPTSP.dll
0x00007ffb927a0000 - 0x00007ffb927d5000 	C:\WINDOWS\system32\rsaenh.dll
0x00007ffb92de0000 - 0x00007ffb92e08000 	C:\WINDOWS\SYSTEM32\USERENV.dll
0x00007ffb92f40000 - 0x00007ffb92f4c000 	C:\WINDOWS\SYSTEM32\CRYPTBASE.dll
0x00007ffb8f830000 - 0x00007ffb8f849000 	C:\WINDOWS\SYSTEM32\dhcpcsvc6.DLL
0x00007ffb8f810000 - 0x00007ffb8f82f000 	C:\WINDOWS\SYSTEM32\dhcpcsvc.DLL
0x00007ffb6ae70000 - 0x00007ffb6ae87000 	C:\WINDOWS\system32\napinsp.dll
0x00007ffb80ef0000 - 0x00007ffb80f0b000 	C:\WINDOWS\system32\pnrpnsp.dll
0x00007ffb80ed0000 - 0x00007ffb80ee1000 	C:\WINDOWS\System32\winrnr.dll
0x00007ffb6a570000 - 0x00007ffb6a585000 	C:\WINDOWS\system32\wshbth.dll
0x00007ffb6a290000 - 0x00007ffb6a2b7000 	C:\WINDOWS\system32\nlansp_c.dll
0x00007ffb76870000 - 0x00007ffb7687e000 	C:\Program Files\Java\jdk-17\bin\sunmscapi.dll
0x00007ffb938e0000 - 0x00007ffb93a46000 	C:\WINDOWS\System32\CRYPT32.dll
0x00007ffb930e0000 - 0x00007ffb9310d000 	C:\WINDOWS\SYSTEM32\ncrypt.dll
0x00007ffb930a0000 - 0x00007ffb930d7000 	C:\WINDOWS\SYSTEM32\NTASN1.dll
0x00007ffb77710000 - 0x00007ffb77720000 	C:\Program Files\Java\jdk-17\bin\verify.dll

dbghelp: loaded successfully - version: 4.0.5 - missing functions: none
symbol engine: initialized successfully - sym options: 0x614 - pdb path: .;C:\Program Files\Java\jdk-17\bin;C:\WINDOWS\SYSTEM32;C:\WINDOWS\WinSxS\amd64_microsoft.windows.common-controls_6595b64144ccf1df_6.0.22621.4830_none_270fe7d773858e80;C:\Program Files\Java\jdk-17\bin\server;C:\Program Files\JetBrains\IntelliJ IDEA 2024.1.3\bin

VM Arguments:
jvm_args: -XX:TieredStopAtLevel=1 -Dspring.output.ansi.enabled=always -Dcom.sun.management.jmxremote -Dspring.jmx.enabled=true -Dspring.liveBeansView.mbeanDomain -Dspring.application.admin.enabled=true -Dmanagement.endpoints.jmx.exposure.include=* -javaagent:C:\Program Files\JetBrains\IntelliJ IDEA 2024.1.3\lib\idea_rt.jar=64479:C:\Program Files\JetBrains\IntelliJ IDEA 2024.1.3\bin -Dfile.encoding=UTF-8 
java_command: com.ELearningManagementApplication
java_class_path (initial): C:\Users\dung0\Desktop\Backend_V1.0_Real\SWP391_Backend_V1.0\SWP391_Backend\build\classes\java\main;C:\Users\dung0\Desktop\Backend_V1.0_Real\SWP391_Backend_V1.0\SWP391_Backend\build\resources\main;C:\Users\dung0\.gradle\caches\modules-2\files-2.1\org.projectlombok\lombok\1.18.36\5a30490a6e14977d97d9c73c924c1f1b5311ea95\lombok-1.18.36.jar;C:\Users\dung0\.gradle\caches\modules-2\files-2.1\org.springframework.boot\spring-boot-starter-actuator\3.4.1\bd347cc46f34c8b9a6f33b4d103bcfb3b11fc6f8\spring-boot-starter-actuator-3.4.1.jar;C:\Users\dung0\.gradle\caches\modules-2\files-2.1\org.springframework.boot\spring-boot-starter-data-jpa\3.4.1\f06be4354c339f3f880a5c66a6913cd2366eb225\spring-boot-starter-data-jpa-3.4.1.jar;C:\Users\dung0\.gradle\caches\modules-2\files-2.1\org.springframework.boot\spring-boot-starter-security\3.4.1\6a82a9f484d265c73a203d551b614cd8bdde5825\spring-boot-starter-security-3.4.1.jar;C:\Users\dung0\.gradle\caches\modules-2\files-2.1\org.springframework.boot\spring-boot-starter-validation\3.4.1\7b9baa79c886e362dc14764fc3b0983b607be1f5\spring-boot-starter-validation-3.4.1.jar;C:\Users\dung0\.gradle\caches\modules-2\files-2.1\org.springframework.boot\spring-boot-starter-web\3.4.1\ff7227fc62338e0f6eba3f9f94c12eb952d4da95\spring-boot-starter-web-3.4.1.jar;C:\Users\dung0\.gradle\caches\modules-2\files-2.1\org.springframework.boot\spring-boot-starter-oauth2-resource-server\3.4.1\6273e2a1d40fe6ffdeaf8c469fe481731fff206c\spring-boot-starter-oauth2-resource-server-3.4.1.jar;C:\Users\dung0\.gradle\caches\modules-2\files-2.1\org.springframework.boot\spring-boot-starter-mail\3.4.1\d77a7155d290696f74dd003871d7729768df42ca\spring-boot-starter-mail-3.4.1.jar;C:\Users\dung0\.gradle\caches\modules-2\files-2.1\org.springframework.boot\spring-boot-starter-thymeleaf\3.4.1\a2903c33815dbc9c65c97f83e32dcea2d9935429\spring-boot-starter-thymeleaf-3.4.1.jar;C:\Users\dung0\.gradle\caches\modules-2\files-2.1\org.springdoc\springdoc-openapi-starter-webmv
Launcher Type: SUN_STANDARD

[Global flags]
     intx CICompilerCount                          = 12                                        {product} {ergonomic}
     uint ConcGCThreads                            = 4                                         {product} {ergonomic}
     uint G1ConcRefinementThreads                  = 15                                        {product} {ergonomic}
   size_t G1HeapRegionSize                         = 1048576                                   {product} {ergonomic}
    uintx GCDrainStackTargetSize                   = 64                                        {product} {ergonomic}
   size_t InitialHeapSize                          = 130023424                                 {product} {ergonomic}
     bool ManagementServer                         = true                                      {product} {command line}
   size_t MarkStackSize                            = 4194304                                   {product} {ergonomic}
   size_t MaxHeapSize                              = 2048917504                                {product} {ergonomic}
   size_t MaxNewSize                               = 1228931072                                {product} {ergonomic}
   size_t MinHeapDeltaBytes                        = 1048576                                   {product} {ergonomic}
   size_t MinHeapSize                              = 8388608                                   {product} {ergonomic}
    uintx NonProfiledCodeHeapSize                  = 0                                      {pd product} {ergonomic}
     bool ProfileInterpreter                       = false                                  {pd product} {command line}
    uintx ProfiledCodeHeapSize                     = 0                                      {pd product} {ergonomic}
   size_t SoftMaxHeapSize                          = 2048917504                             {manageable} {ergonomic}
     intx TieredStopAtLevel                        = 1                                         {product} {command line}
     bool UseCompressedClassPointers               = true                           {product lp64_product} {ergonomic}
     bool UseCompressedOops                        = true                           {product lp64_product} {ergonomic}
     bool UseG1GC                                  = true                                      {product} {ergonomic}
     bool UseLargePagesIndividualAllocation        = false                                  {pd product} {ergonomic}

Logging:
Log output configuration:
 #0: stdout all=warning uptime,level,tags
 #1: stderr all=off uptime,level,tags

Environment Variables:
JAVA_HOME=C:\Program Files\Java\jdk-17
PATH=c:\Users\dung0\AppData\Local\Programs\cursor\resources\app\bin;C:\Python312\Scripts\;C:\Python312\;C:\Program Files\Microsoft MPI\Bin\;C:\Windows\system32;C:\Windows;C:\Windows\System32\Wbem;C:\Windows\System32\WindowsPowerShell\v1.0\;C:\Windows\System32\OpenSSH\;C:\Program Files (x86)\NVIDIA Corporation\PhysX\Common;C:\Program Files\NVIDIA Corporation\NVIDIA NvDLISR;C:\Program Files\dotnet\;C:\WINDOWS\system32;C:\WINDOWS;C:\WINDOWS\System32\Wbem;C:\WINDOWS\System32\WindowsPowerShell\v1.0\;C:\WINDOWS\System32\OpenSSH\;C:\MinGW\bin;C:\Program Files (x86)\Windows Kits\10\Windows Performance Toolkit\;C:\TDM-GCC-64\bin;C:\Program Files (x86)\Microsoft SQL Server\160\Tools\Binn\;C:\Program Files\Microsoft SQL Server\160\Tools\Binn\;C:\Program Files\Microsoft SQL Server\Client SDK\ODBC\170\Tools\Binn\;C:\Program Files\Microsoft SQL Server\160\DTS\Binn\;C:\Program Files (x86)\Microsoft SQL Server\160\DTS\Binn\;C:\Program Files\Git\cmd;C:\Program Files\nodejs\;C:\ProgramData\chocolatey\bin;C:\Program Files\Java\jdk-17\bin;C:\Program Files\TortoiseGit\bin;C:\Program Files\MySQL\MySQL Shell 8.0\bin\;C:\Users\dung0\AppData\Local\Microsoft\WindowsApps;C:\Users\dung0\Microsoft VS Code\bin;C:\Program Files\JetBrains\IntelliJ IDEA 2024.1\bin;;C:\Program Files\JetBrains\IntelliJ IDEA Community Edition 2024.1\bin;;C:\Users\dung0\AppData\Local\Microsoft\WinGet\Links;C:\Users\dung0\AppData\Roaming\npm
USERNAME=dung0
OS=Windows_NT
PROCESSOR_IDENTIFIER=Intel64 Family 6 Model 154 Stepping 3, GenuineIntel



---------------  S Y S T E M  ---------------

OS:
 Windows 11 , 64 bit Build 22621 (10.0.22621.4830)
OS uptime: 0 days 6:26 hours
Hyper-V role detected

CPU: total 20 (initial active 20) (10 cores per cpu, 2 threads per core) family 6 model 154 stepping 3 microcode 0x429, cx8, cmov, fxsr, ht, mmx, 3dnowpref, sse, sse2, sse3, ssse3, sse4.1, sse4.2, popcnt, lzcnt, tsc, tscinvbit, avx, avx2, aes, erms, clmul, bmi1, bmi2, adx, sha, fma, vzeroupper, clflush, clflushopt, clwb, hv

Memory: 4k page, system-wide physical 7812M (270M free)
TotalPageFile size 31364M (AvailPageFile size 81M)
current process WorkingSet (physical memory assigned to process): 265M, peak: 265M
current process commit charge ("private bytes"): 332M, peak: 458M

vm_info: Java HotSpot(TM) 64-Bit Server VM (17.0.9+11-LTS-201) for windows-amd64 JRE (17.0.9+11-LTS-201), built on Oct 10 2023 23:16:06 by "mach5one" with MS VC++ 17.1 (VS2022)

END.
